<?xml version="1.0" encoding="UTF-8" ?>
<testsuite tests="16" failures="0" name="Model.UserTest" time="1.128" errors="0" skipped="0">
  <properties>
[...]
</properties>
  <testcase classname="Model.UserTest" name="getFax" time="0"/>
  <testcase classname="Model.UserTest" name="testLoginUser" time="0.152"/>
  <testcase classname="Model.UserTest" name="getPassword" time="0"/>
  <testcase classname="Model.UserTest" name="getUsersWithRoleID" time="0.15"/>
  <testcase classname="Model.UserTest" name="getAllUsers" time="0.066"/>
  <testcase classname="Model.UserTest" name="updateUser" time="0.245"/>
  <testcase classname="Model.UserTest" name="getAddress" time="0"/>
  <testcase classname="Model.UserTest" name="getName" time="0"/>
  <testcase classname="Model.UserTest" name="testInsertUser" time="0.121"/>
  <testcase classname="Model.UserTest" name="getRoleId" time="0"/>
  <testcase classname="Model.UserTest" name="getUserbyUsername" time="0.301"/>
  <testcase classname="Model.UserTest" name="deleteUser" time="0.089"/>
  <testcase classname="Model.UserTest" name="getUsername" time="0"/>
  <testcase classname="Model.UserTest" name="deleteUserNotInDB" time="0.004"/>
  <testcase classname="Model.UserTest" name="getEmail" time="0"/>
  <testcase classname="Model.UserTest" name="getPhone" time="0"/>
</testsuite>